app/build/intermediates/manifest_merge_blame_file/release/manifest-merger-blame-release-report.txt
1<?xml version="1.0" encoding="utf-8"?>
2<manifest xmlns:android="http://schemas.android.com/apk/res/android"
3    package="com.care360.findmyfamilyandfriends"
4    android:versionCode="8"
5    android:versionName="2.35" >
6
7    <uses-sdk
8        android:minSdkVersion="23"
8-->src\main\AndroidManifest.xml
9        android:targetSdkVersion="33" />
9-->src\main\AndroidManifest.xml
10
11    <uses-permission android:name="android.permission.INTERNET" />
11-->src\main\AndroidManifest.xml:5:5-67
11-->src\main\AndroidManifest.xml:5:22-64
12    <uses-permission android:name="android.permission.ACCESS_NETWORK_STATE" />
12-->src\main\AndroidManifest.xml:6:5-79
12-->src\main\AndroidManifest.xml:6:22-76
13    <uses-permission android:name="android.permission.CHANGE_NETWORK_STATE" />
13-->src\main\AndroidManifest.xml:7:5-79
13-->src\main\AndroidManifest.xml:7:22-76
14    <uses-permission android:name="android.permission.CAMERA" />
14-->src\main\AndroidManifest.xml:8:5-65
14-->src\main\AndroidManifest.xml:8:22-62
15    <uses-permission android:name="android.permission.ACCESS_BACKGROUND_LOCATION" />
15-->src\main\AndroidManifest.xml:9:5-85
15-->src\main\AndroidManifest.xml:9:22-82
16    <uses-permission android:name="android.permission.ACCESS_FINE_LOCATION" />
16-->src\main\AndroidManifest.xml:10:5-79
16-->src\main\AndroidManifest.xml:10:22-76
17    <uses-permission android:name="android.permission.ACCESS_COARSE_LOCATION" />
17-->src\main\AndroidManifest.xml:11:5-81
17-->src\main\AndroidManifest.xml:11:22-78
18    <uses-permission
18-->src\main\AndroidManifest.xml:13:5-15:38
19        android:name="android.permission.READ_EXTERNAL_STORAGE"
19-->src\main\AndroidManifest.xml:14:9-64
20        android:maxSdkVersion="32" />
20-->src\main\AndroidManifest.xml:15:9-35
21    <uses-permission android:name="android.permission.VIBRATE" />
21-->src\main\AndroidManifest.xml:16:5-66
21-->src\main\AndroidManifest.xml:16:22-63
22    <uses-permission android:name="android.permission.WRITE_EXTERNAL_STORAGE" />
22-->src\main\AndroidManifest.xml:17:5-19:40
22-->src\main\AndroidManifest.xml:18:9-65
23    <uses-permission android:name="android.permission.READ_CONTACTS" /> <!-- <uses-permission android:name="android.permission.SEND_SMS" /> -->
23-->src\main\AndroidManifest.xml:20:5-72
23-->src\main\AndroidManifest.xml:20:22-69
24    <uses-permission android:name="com.android.vending.BILLING" />
24-->src\main\AndroidManifest.xml:21:5-67
24-->src\main\AndroidManifest.xml:21:22-64
25    <uses-permission android:name="android.permission.BIND_NOTIFICATION_LISTENER_SERVICE" />
25-->src\main\AndroidManifest.xml:22:5-24:47
25-->src\main\AndroidManifest.xml:23:9-77
26    <uses-permission android:name="android.permission.ACCESS_NOTIFICATION_POLICY" /> <!-- Activity Recognition -->
26-->src\main\AndroidManifest.xml:25:5-85
26-->src\main\AndroidManifest.xml:25:22-82
27    <uses-permission android:name="com.google.android.gms.permission.ACTIVITY_RECOGNITION" /> <!-- Required for 29+. -->
27-->src\main\AndroidManifest.xml:26:5-94
27-->src\main\AndroidManifest.xml:26:22-91
28    <uses-permission android:name="android.permission.ACTIVITY_RECOGNITION" />
28-->src\main\AndroidManifest.xml:27:5-79
28-->src\main\AndroidManifest.xml:27:22-76
29    <uses-permission android:name="android.permission.POST_NOTIFICATIONS" />
29-->src\main\AndroidManifest.xml:28:5-77
29-->src\main\AndroidManifest.xml:28:22-74
30
31    <uses-feature
31-->src\main\AndroidManifest.xml:30:5-32:35
32        android:name="android.hardware.location.gps"
32-->src\main\AndroidManifest.xml:31:9-53
33        android:required="true" />
33-->src\main\AndroidManifest.xml:32:9-32
34    <uses-feature
34-->src\main\AndroidManifest.xml:33:5-35:35
35        android:name="android.hardware.location.network"
35-->src\main\AndroidManifest.xml:34:9-57
36        android:required="true" />
36-->src\main\AndroidManifest.xml:35:9-32
37    <uses-feature
37-->src\main\AndroidManifest.xml:36:5-38:35
38        android:name="android.hardware.location"
38-->src\main\AndroidManifest.xml:37:9-49
39        android:required="true" />
39-->src\main\AndroidManifest.xml:38:9-32
40    <uses-feature
40-->src\main\AndroidManifest.xml:39:5-41:36
41        android:name="android.hardware.camera"
41-->src\main\AndroidManifest.xml:40:9-47
42        android:required="false" />
42-->src\main\AndroidManifest.xml:41:9-33
43    <!--
44        This query is used to identify email apps installed in our phone.
45         Because on Android 11 and onward package visibility has been limited,
46         and methods like 'queryIntentActivities' results are affected by it.
47         So if a package visibility is not available dy default,
48         we have to declare them through 'queries' and 'intent-filter'
49         in manifest
50    -->
51    <queries>
51-->src\main\AndroidManifest.xml:50:5-58:15
52        <intent>
52-->src\main\AndroidManifest.xml:51:9-57:18
53            <action android:name="android.intent.action.SENDTO" />
53-->src\main\AndroidManifest.xml:52:13-67
53-->src\main\AndroidManifest.xml:52:21-64
54
55            <category android:name="android.intent.category.DEFAULT" />
55-->src\main\AndroidManifest.xml:54:13-72
55-->src\main\AndroidManifest.xml:54:23-69
56
57            <data android:scheme="mailto" />
57-->src\main\AndroidManifest.xml:56:13-45
57-->src\main\AndroidManifest.xml:56:19-42
58        </intent>
59        <!-- For browser content -->
60        <intent>
60-->[com.google.android.gms:play-services-ads-lite:22.1.0] AndroidManifest.xml:35:9-41:18
61            <action android:name="android.intent.action.VIEW" />
61-->[com.google.android.gms:play-services-ads-lite:22.1.0] AndroidManifest.xml:36:13-65
61-->[com.google.android.gms:play-services-ads-lite:22.1.0] AndroidManifest.xml:36:21-62
62
63            <category android:name="android.intent.category.BROWSABLE" />
63-->[com.google.android.gms:play-services-ads-lite:22.1.0] AndroidManifest.xml:38:13-74
63-->[com.google.android.gms:play-services-ads-lite:22.1.0] AndroidManifest.xml:38:23-71
64
65            <data android:scheme="https" />
65-->src\main\AndroidManifest.xml:56:13-45
65-->src\main\AndroidManifest.xml:56:19-42
66        </intent> <!-- End of browser content -->
67        <!-- For CustomTabsService -->
68        <intent>
68-->[com.google.android.gms:play-services-ads-lite:22.1.0] AndroidManifest.xml:44:9-46:18
69            <action android:name="android.support.customtabs.action.CustomTabsService" />
69-->[com.google.android.gms:play-services-ads-lite:22.1.0] AndroidManifest.xml:45:13-90
69-->[com.google.android.gms:play-services-ads-lite:22.1.0] AndroidManifest.xml:45:21-87
70        </intent> <!-- Needs to be explicitly declared on Android R+ -->
71        <package android:name="com.google.android.apps.maps" />
71-->[com.google.android.gms:play-services-maps:18.1.0] AndroidManifest.xml:33:9-64
71-->[com.google.android.gms:play-services-maps:18.1.0] AndroidManifest.xml:33:18-61
72
73        <intent>
73-->[com.android.billingclient:billing:5.2.0] AndroidManifest.xml:17:9-19:18
74            <action android:name="com.android.vending.billing.InAppBillingService.BIND" />
74-->[com.android.billingclient:billing:5.2.0] AndroidManifest.xml:18:13-91
74-->[com.android.billingclient:billing:5.2.0] AndroidManifest.xml:18:21-88
75        </intent>
76    </queries>
77
78    <uses-permission android:name="com.google.android.gms.permission.AD_ID" />
78-->[com.google.android.gms:play-services-ads-lite:22.1.0] AndroidManifest.xml:26:5-79
78-->[com.google.android.gms:play-services-ads-lite:22.1.0] AndroidManifest.xml:26:22-76
79    <uses-permission android:name="android.permission.WAKE_LOCK" />
79-->[androidx.work:work-runtime:2.7.1] AndroidManifest.xml:25:5-68
79-->[androidx.work:work-runtime:2.7.1] AndroidManifest.xml:25:22-65
80    <uses-permission android:name="android.permission.FOREGROUND_SERVICE" />
80-->[androidx.work:work-runtime:2.7.1] AndroidManifest.xml:28:5-77
80-->[androidx.work:work-runtime:2.7.1] AndroidManifest.xml:28:22-74
81
82    <uses-feature
82-->[com.google.android.gms:play-services-maps:18.1.0] AndroidManifest.xml:26:5-28:35
83        android:glEsVersion="0x00020000"
83-->[com.google.android.gms:play-services-maps:18.1.0] AndroidManifest.xml:27:9-41
84        android:required="true" /> <!-- Required by older versions of Google Play services to create IID tokens -->
84-->[com.google.android.gms:play-services-maps:18.1.0] AndroidManifest.xml:28:9-32
85    <uses-permission android:name="com.google.android.c2dm.permission.RECEIVE" />
85-->[com.google.firebase:firebase-messaging:23.0.6] AndroidManifest.xml:29:5-82
85-->[com.google.firebase:firebase-messaging:23.0.6] AndroidManifest.xml:29:22-79
86    <uses-permission android:name="com.google.android.finsky.permission.BIND_GET_INSTALL_REFERRER_SERVICE" />
86-->[com.google.android.gms:play-services-measurement:21.1.0] AndroidManifest.xml:26:5-110
86-->[com.google.android.gms:play-services-measurement:21.1.0] AndroidManifest.xml:26:22-107
87
88    <permission
88-->[androidx.core:core:1.10.1] AndroidManifest.xml:22:5-24:47
89        android:name="com.care360.findmyfamilyandfriends.DYNAMIC_RECEIVER_NOT_EXPORTED_PERMISSION"
89-->[androidx.core:core:1.10.1] AndroidManifest.xml:23:9-81
90        android:protectionLevel="signature" />
90-->[androidx.core:core:1.10.1] AndroidManifest.xml:24:9-44
91
92    <uses-permission android:name="com.care360.findmyfamilyandfriends.DYNAMIC_RECEIVER_NOT_EXPORTED_PERMISSION" />
92-->[androidx.core:core:1.10.1] AndroidManifest.xml:26:5-97
92-->[androidx.core:core:1.10.1] AndroidManifest.xml:26:22-94
93
94    <application
94-->src\main\AndroidManifest.xml:60:5-287:19
95        android:name="com.care360.findmyfamilyandfriends.Application.App"
95-->src\main\AndroidManifest.xml:61:9-40
96        android:allowBackup="true"
96-->src\main\AndroidManifest.xml:62:9-35
97        android:appComponentFactory="androidx.core.app.CoreComponentFactory"
97-->[androidx.core:core:1.10.1] AndroidManifest.xml:28:18-86
98        android:dataExtractionRules="@xml/data_extraction_rules"
98-->src\main\AndroidManifest.xml:63:9-65
99        android:extractNativeLibs="false"
100        android:fullBackupContent="@xml/backup_rules"
100-->src\main\AndroidManifest.xml:64:9-54
101        android:hardwareAccelerated="true"
101-->src\main\AndroidManifest.xml:65:9-43
102        android:icon="@mipmap/ic_launcher"
102-->src\main\AndroidManifest.xml:66:9-43
103        android:label="@string/app_name"
103-->src\main\AndroidManifest.xml:67:9-41
104        android:largeHeap="true"
104-->src\main\AndroidManifest.xml:68:9-33
105        android:requestLegacyExternalStorage="true"
105-->src\main\AndroidManifest.xml:69:9-52
106        android:roundIcon="@mipmap/ic_launcher_round"
106-->src\main\AndroidManifest.xml:70:9-54
107        android:supportsRtl="true"
107-->src\main\AndroidManifest.xml:71:9-35
108        android:theme="@style/Theme.Locator360"
108-->src\main\AndroidManifest.xml:72:9-48
109        android:windowSplashScreenBackground="@android:color/transparent" >
109-->src\main\AndroidManifest.xml:73:9-74
110        <activity
110-->src\main\AndroidManifest.xml:77:9-86:20
111            android:name="com.care360.findmyfamilyandfriends.StartScreen.SplashActivity"
111-->src\main\AndroidManifest.xml:78:13-55
112            android:exported="true"
112-->src\main\AndroidManifest.xml:79:13-36
113            android:theme="@style/Theme.AppSplash" >
113-->src\main\AndroidManifest.xml:80:13-51
114            <intent-filter>
114-->src\main\AndroidManifest.xml:81:13-85:29
115                <action android:name="android.intent.action.MAIN" />
115-->src\main\AndroidManifest.xml:82:17-69
115-->src\main\AndroidManifest.xml:82:25-66
116
117                <category android:name="android.intent.category.LAUNCHER" />
117-->src\main\AndroidManifest.xml:84:17-77
117-->src\main\AndroidManifest.xml:84:27-74
118            </intent-filter>
119        </activity>
120        <activity
120-->src\main\AndroidManifest.xml:87:9-89:40
121            android:name="com.care360.findmyfamilyandfriends.update_manager.UpdateManager"
121-->src\main\AndroidManifest.xml:88:13-57
122            android:exported="false" />
122-->src\main\AndroidManifest.xml:89:13-37
123        <activity
123-->src\main\AndroidManifest.xml:90:9-92:40
124            android:name="com.care360.findmyfamilyandfriends.HomeScreen.ui.FragmentLocation.BottomSheetMembers.MemberLocationActivity"
124-->src\main\AndroidManifest.xml:91:13-101
125            android:exported="false" />
125-->src\main\AndroidManifest.xml:92:13-37
126        <activity
126-->src\main\AndroidManifest.xml:93:9-95:40
127            android:name="com.care360.findmyfamilyandfriends.HomeScreen.ui.FragmentLocation.Settings.CircleManagement.ViewMember.ViewCircleMemberActivity"
127-->src\main\AndroidManifest.xml:94:13-121
128            android:exported="false" />
128-->src\main\AndroidManifest.xml:95:13-37
129        <activity
129-->src\main\AndroidManifest.xml:96:9-98:40
130            android:name="com.care360.findmyfamilyandfriends.HomeScreen.ui.FragmentLocation.Settings.CircleManagement.RemoveMember.RemoveCircleMemberActivity"
130-->src\main\AndroidManifest.xml:97:13-125
131            android:exported="false" />
131-->src\main\AndroidManifest.xml:98:13-37
132        <activity
132-->src\main\AndroidManifest.xml:99:9-101:40
133            android:name="com.care360.findmyfamilyandfriends.HomeScreen.ui.FragmentLocation.Settings.CircleManagement.EditCircleNameActivity"
133-->src\main\AndroidManifest.xml:100:13-108
134            android:exported="false" />
134-->src\main\AndroidManifest.xml:101:13-37
135        <activity
135-->src\main\AndroidManifest.xml:102:9-104:40
136            android:name="com.care360.findmyfamilyandfriends.HomeScreen.ui.FragmentLocation.Settings.Account.UpdatePhoneNoActivity"
136-->src\main\AndroidManifest.xml:103:13-98
137            android:exported="false" />
137-->src\main\AndroidManifest.xml:104:13-37
138        <activity
138-->src\main\AndroidManifest.xml:105:9-107:40
139            android:name="com.care360.findmyfamilyandfriends.HomeScreen.ui.FragmentLocation.Settings.Account.UpdateProfileInfoActivity"
139-->src\main\AndroidManifest.xml:106:13-102
140            android:exported="false" />
140-->src\main\AndroidManifest.xml:107:13-37
141        <activity
141-->src\main\AndroidManifest.xml:108:9-114:20
142            android:name="com.care360.findmyfamilyandfriends.HomeScreen.ui.FragmentLocation.Settings.CircleManagement.CircleManagementActivity"
142-->src\main\AndroidManifest.xml:109:13-110
143            android:exported="false" >
143-->src\main\AndroidManifest.xml:110:13-37
144            <meta-data
144-->src\main\AndroidManifest.xml:111:13-113:36
145                android:name="android.app.lib_name"
145-->src\main\AndroidManifest.xml:112:17-52
146                android:value="" />
146-->src\main\AndroidManifest.xml:113:17-33
147        </activity>
148        <activity
148-->src\main\AndroidManifest.xml:115:9-121:20
149            android:name="com.care360.findmyfamilyandfriends.HomeScreen.ui.FragmentLocation.Settings.Account.AccountDashboardActivity"
149-->src\main\AndroidManifest.xml:116:13-101
150            android:exported="false" >
150-->src\main\AndroidManifest.xml:117:13-37
151            <meta-data
151-->src\main\AndroidManifest.xml:111:13-113:36
152                android:name="android.app.lib_name"
152-->src\main\AndroidManifest.xml:112:17-52
153                android:value="" />
153-->src\main\AndroidManifest.xml:113:17-33
154        </activity>
155        <activity
155-->src\main\AndroidManifest.xml:122:9-124:40
156            android:name="com.care360.findmyfamilyandfriends.HomeScreen.ui.FragmentLocation.Settings.SettingsActivity"
156-->src\main\AndroidManifest.xml:123:13-85
157            android:exported="false" />
157-->src\main\AndroidManifest.xml:124:13-37
158        <activity
158-->src\main\AndroidManifest.xml:125:9-128:58
159            android:name="com.care360.findmyfamilyandfriends.HomeScreen.ui.FragmentLocation.Chat.ChatDetailActivity"
159-->src\main\AndroidManifest.xml:126:13-83
160            android:exported="false"
160-->src\main\AndroidManifest.xml:127:13-37
161            android:windowSoftInputMode="adjustResize" />
161-->src\main\AndroidManifest.xml:128:13-55
162        <activity
162-->src\main\AndroidManifest.xml:129:9-131:40
163            android:name="com.care360.findmyfamilyandfriends.HomeScreen.ui.FragmentLocation.Chat.ChatDashboardActivity"
163-->src\main\AndroidManifest.xml:130:13-86
164            android:exported="false" />
164-->src\main\AndroidManifest.xml:131:13-37
165        <activity
165-->src\main\AndroidManifest.xml:132:9-138:20
166            android:name="com.care360.findmyfamilyandfriends.HomeScreen.ui.FragmentSafety.EmergencyContacts.Dashboard.ContactDetailActivity"
166-->src\main\AndroidManifest.xml:133:13-107
167            android:exported="false" >
167-->src\main\AndroidManifest.xml:134:13-37
168            <meta-data
168-->src\main\AndroidManifest.xml:111:13-113:36
169                android:name="android.app.lib_name"
169-->src\main\AndroidManifest.xml:112:17-52
170                android:value="" />
170-->src\main\AndroidManifest.xml:113:17-33
171        </activity>
172        <activity
172-->src\main\AndroidManifest.xml:139:9-141:40
173            android:name="com.care360.findmyfamilyandfriends.HomeScreen.ui.FragmentSafety.EmergencySOS.EmergencyLocationActivity"
173-->src\main\AndroidManifest.xml:140:13-96
174            android:exported="false" />
174-->src\main\AndroidManifest.xml:141:13-37
175        <activity
175-->src\main\AndroidManifest.xml:142:9-144:40
176            android:name="com.care360.findmyfamilyandfriends.HomeScreen.ui.FragmentSafety.EmergencySOS.EmergencySOSActivity"
176-->src\main\AndroidManifest.xml:143:13-91
177            android:exported="false" />
177-->src\main\AndroidManifest.xml:144:13-37
178        <activity
178-->src\main\AndroidManifest.xml:145:9-148:47
179            android:name="com.care360.findmyfamilyandfriends.HomeScreen.ui.FragmentSafety.EmergencyContacts.Dashboard.EmergencyContactDashboardActivity"
179-->src\main\AndroidManifest.xml:146:13-119
180            android:exported="false"
180-->src\main\AndroidManifest.xml:147:13-37
181            android:launchMode="singleTask" />
181-->src\main\AndroidManifest.xml:148:13-44
182        <activity
182-->src\main\AndroidManifest.xml:149:9-151:40
183            android:name="com.care360.findmyfamilyandfriends.HomeScreen.ui.FragmentLocation.AddMember.AddMemberActivity"
183-->src\main\AndroidManifest.xml:150:13-87
184            android:exported="false" />
184-->src\main\AndroidManifest.xml:151:13-37
185        <activity
185-->src\main\AndroidManifest.xml:152:9-155:58
186            android:name="com.care360.findmyfamilyandfriends.HomeScreen.ui.FragmentLocation.JoinCircle.CreateCircle.CreateCircleMainActivity"
186-->src\main\AndroidManifest.xml:153:13-108
187            android:exported="false"
187-->src\main\AndroidManifest.xml:154:13-37
188            android:windowSoftInputMode="adjustResize" />
188-->src\main\AndroidManifest.xml:155:13-55
189        <activity
189-->src\main\AndroidManifest.xml:156:9-158:40
190            android:name="com.care360.findmyfamilyandfriends.HomeScreen.ui.FragmentLocation.JoinCircle.JoinCircleMainActivity"
190-->src\main\AndroidManifest.xml:157:13-93
191            android:exported="false" />
191-->src\main\AndroidManifest.xml:158:13-37
192        <activity
192-->src\main\AndroidManifest.xml:159:9-161:40
193            android:name="com.care360.findmyfamilyandfriends.HomeScreen.ui.FragmentSafety.EmergencyContacts.ContactsManually.AddContactManuallyActivity"
193-->src\main\AndroidManifest.xml:160:13-119
194            android:exported="false" />
194-->src\main\AndroidManifest.xml:161:13-37
195        <activity
195-->src\main\AndroidManifest.xml:162:9-164:40
196            android:name="com.care360.findmyfamilyandfriends.HomeScreen.ui.FragmentSafety.EmergencyContacts.ContactsFromPhone.AddContactFromPhoneActivity"
196-->src\main\AndroidManifest.xml:163:13-121
197            android:exported="false" />
197-->src\main\AndroidManifest.xml:164:13-37
198        <activity
198-->src\main\AndroidManifest.xml:165:9-167:40
199            android:name="com.care360.findmyfamilyandfriends.SharedPreference.ResetPassword.ByEmail.CheckEmailActivity"
199-->src\main\AndroidManifest.xml:166:13-86
200            android:exported="false" />
200-->src\main\AndroidManifest.xml:167:13-37
201        <activity
201-->src\main\AndroidManifest.xml:168:9-170:40
202            android:name="com.care360.findmyfamilyandfriends.HomeScreen.ui.FragmentSafety.EmergencyContacts.LandingActivity.EmergencyContactLandingActivity"
202-->src\main\AndroidManifest.xml:169:13-123
203            android:exported="false" />
203-->src\main\AndroidManifest.xml:170:13-37
204        <activity
204-->src\main\AndroidManifest.xml:171:9-174:58
205            android:name="com.care360.findmyfamilyandfriends.SharedPreference.ResetPassword.ByPhoneNo.CreateNewPasswordActivity"
205-->src\main\AndroidManifest.xml:172:13-95
206            android:exported="false"
206-->src\main\AndroidManifest.xml:173:13-37
207            android:windowSoftInputMode="adjustResize" />
207-->src\main\AndroidManifest.xml:174:13-55
208        <activity
208-->src\main\AndroidManifest.xml:175:9-177:40
209            android:name="com.care360.findmyfamilyandfriends.SharedPreference.ResetPassword.ByPhoneNo.ResetPasswordPhoneActivity"
209-->src\main\AndroidManifest.xml:176:13-96
210            android:exported="false" />
210-->src\main\AndroidManifest.xml:177:13-37
211        <activity
211-->src\main\AndroidManifest.xml:178:9-181:47
212            android:name="com.care360.findmyfamilyandfriends.HomeScreen.HomeActivity"
212-->src\main\AndroidManifest.xml:179:13-52
213            android:exported="false"
213-->src\main\AndroidManifest.xml:180:13-37
214            android:launchMode="singleTask" />
214-->src\main\AndroidManifest.xml:181:13-44
215        <activity
215-->src\main\AndroidManifest.xml:182:9-184:40
216            android:name="com.care360.findmyfamilyandfriends.CreateCircle.ShareCircleCodeActivity"
216-->src\main\AndroidManifest.xml:183:13-65
217            android:exported="false" />
217-->src\main\AndroidManifest.xml:184:13-37
218        <activity
218-->src\main\AndroidManifest.xml:185:9-188:58
219            android:name="com.care360.findmyfamilyandfriends.CreateCircle.CreateCircleActivity"
219-->src\main\AndroidManifest.xml:186:13-62
220            android:exported="false"
220-->src\main\AndroidManifest.xml:187:13-37
221            android:windowSoftInputMode="adjustResize" />
221-->src\main\AndroidManifest.xml:188:13-55
222        <activity
222-->src\main\AndroidManifest.xml:189:9-191:40
223            android:name="com.care360.findmyfamilyandfriends.OneTimeScreens.GeneralScreenTwoActivity"
223-->src\main\AndroidManifest.xml:190:13-68
224            android:exported="false" />
224-->src\main\AndroidManifest.xml:191:13-37
225        <activity
225-->src\main\AndroidManifest.xml:192:9-194:40
226            android:name="com.care360.findmyfamilyandfriends.OneTimeScreens.GeneralScreenOneActivity"
226-->src\main\AndroidManifest.xml:193:13-68
227            android:exported="false" />
227-->src\main\AndroidManifest.xml:194:13-37
228        <activity
228-->src\main\AndroidManifest.xml:195:9-197:40
229            android:name="com.care360.findmyfamilyandfriends.OneTimeScreens.RequestPermissionActivity"
229-->src\main\AndroidManifest.xml:196:13-69
230            android:exported="false" />
230-->src\main\AndroidManifest.xml:197:13-37
231        <activity
231-->src\main\AndroidManifest.xml:198:9-200:40
232            android:name="com.care360.findmyfamilyandfriends.OneTimeScreens.AddProfilePictureActivity"
232-->src\main\AndroidManifest.xml:199:13-69
233            android:exported="false" />
233-->src\main\AndroidManifest.xml:200:13-37
234        <activity
234-->src\main\AndroidManifest.xml:201:9-203:40
235            android:name="com.care360.findmyfamilyandfriends.OneTimeScreens.JoinCircleActivity"
235-->src\main\AndroidManifest.xml:202:13-62
236            android:exported="false" />
236-->src\main\AndroidManifest.xml:203:13-37
237        <activity
237-->src\main\AndroidManifest.xml:204:9-207:58
238            android:name="com.care360.findmyfamilyandfriends.auth.SignIn.EnterPasswordSignInActivity"
238-->src\main\AndroidManifest.xml:205:13-68
239            android:exported="false"
239-->src\main\AndroidManifest.xml:206:13-37
240            android:windowSoftInputMode="adjustResize" />
240-->src\main\AndroidManifest.xml:207:13-55
241        <activity
241-->src\main\AndroidManifest.xml:208:9-213:58
242            android:name="com.care360.findmyfamilyandfriends.auth.SignIn.EmailSignInActivity"
242-->src\main\AndroidManifest.xml:209:13-60
243            android:clearTaskOnLaunch="true"
243-->src\main\AndroidManifest.xml:210:13-45
244            android:exported="false"
244-->src\main\AndroidManifest.xml:211:13-37
245            android:theme="@style/Theme.Locator360"
245-->src\main\AndroidManifest.xml:212:13-52
246            android:windowSoftInputMode="adjustResize" />
246-->src\main\AndroidManifest.xml:213:13-55
247        <activity
247-->src\main\AndroidManifest.xml:214:9-217:58
248            android:name="com.care360.findmyfamilyandfriends.SharedPreference.ResetPassword.ByPhoneNo.OTPActivity"
248-->src\main\AndroidManifest.xml:215:13-81
249            android:exported="false"
249-->src\main\AndroidManifest.xml:216:13-37
250            android:windowSoftInputMode="adjustResize" />
250-->src\main\AndroidManifest.xml:217:13-55
251        <activity
251-->src\main\AndroidManifest.xml:218:9-220:40
252            android:name="com.care360.findmyfamilyandfriends.OneTimeScreens.JoinCircleFirstScreenActivity"
252-->src\main\AndroidManifest.xml:219:13-73
253            android:exported="false" />
253-->src\main\AndroidManifest.xml:220:13-37
254        <activity
254-->src\main\AndroidManifest.xml:221:9-224:58
255            android:name="com.care360.findmyfamilyandfriends.auth.SignUp.CreatePasswordActivity"
255-->src\main\AndroidManifest.xml:222:13-63
256            android:exported="false"
256-->src\main\AndroidManifest.xml:223:13-37
257            android:windowSoftInputMode="adjustResize" />
257-->src\main\AndroidManifest.xml:224:13-55
258        <activity
258-->src\main\AndroidManifest.xml:225:9-228:58
259            android:name="com.care360.findmyfamilyandfriends.auth.SignUp.EmailSignUpActivity"
259-->src\main\AndroidManifest.xml:226:13-60
260            android:exported="false"
260-->src\main\AndroidManifest.xml:227:13-37
261            android:windowSoftInputMode="adjustResize" />
261-->src\main\AndroidManifest.xml:228:13-55
262        <activity
262-->src\main\AndroidManifest.xml:229:9-231:40
263            android:name="com.care360.findmyfamilyandfriends.auth.SignUp.NameSignUpActivity"
263-->src\main\AndroidManifest.xml:230:13-59
264            android:exported="false" />
264-->src\main\AndroidManifest.xml:231:13-37
265        <activity
265-->src\main\AndroidManifest.xml:232:9-236:58
266            android:name="com.care360.findmyfamilyandfriends.auth.SignIn.PhoneNoSignInActivity"
266-->src\main\AndroidManifest.xml:233:13-62
267            android:exported="false"
267-->src\main\AndroidManifest.xml:234:13-37
268            android:launchMode="singleTop"
268-->src\main\AndroidManifest.xml:235:13-43
269            android:windowSoftInputMode="adjustResize" />
269-->src\main\AndroidManifest.xml:236:13-55
270        <activity
270-->src\main\AndroidManifest.xml:237:9-240:58
271            android:name="com.care360.findmyfamilyandfriends.auth.SignUp.PhoneNoSignUpActivity"
271-->src\main\AndroidManifest.xml:238:13-62
272            android:exported="false"
272-->src\main\AndroidManifest.xml:239:13-37
273            android:windowSoftInputMode="adjustResize" />
273-->src\main\AndroidManifest.xml:240:13-55
274        <activity
274-->src\main\AndroidManifest.xml:241:9-245:58
275            android:name="com.care360.findmyfamilyandfriends.StartScreen.StartScreenActivity"
275-->src\main\AndroidManifest.xml:242:13-60
276            android:exported="false"
276-->src\main\AndroidManifest.xml:243:13-37
277            android:launchMode="singleTask"
277-->src\main\AndroidManifest.xml:244:13-44
278            android:windowSoftInputMode="adjustResize" />
278-->src\main\AndroidManifest.xml:245:13-55
279        <activity
279-->src\main\AndroidManifest.xml:246:9-249:58
280            android:name="com.care360.findmyfamilyandfriends.SharedPreference.ResetPassword.ByEmail.ResetPasswordEmailActivity"
280-->src\main\AndroidManifest.xml:247:13-94
281            android:exported="false"
281-->src\main\AndroidManifest.xml:248:13-37
282            android:windowSoftInputMode="adjustResize" />
282-->src\main\AndroidManifest.xml:249:13-55
283
284        <provider
284-->src\main\AndroidManifest.xml:251:9-259:20
285            android:name="androidx.core.content.FileProvider"
285-->src\main\AndroidManifest.xml:252:13-62
286            android:authorities="com.care360.android.findmyfamily"
286-->src\main\AndroidManifest.xml:253:13-67
287            android:exported="false"
287-->src\main\AndroidManifest.xml:254:13-37
288            android:grantUriPermissions="true" >
288-->src\main\AndroidManifest.xml:255:13-47
289            <meta-data
289-->src\main\AndroidManifest.xml:256:13-258:54
290                android:name="android.support.FILE_PROVIDER_PATHS"
290-->src\main\AndroidManifest.xml:257:17-67
291                android:resource="@xml/file_paths" />
291-->src\main\AndroidManifest.xml:258:17-51
292        </provider>
293
294        <service
294-->src\main\AndroidManifest.xml:261:9-267:19
295            android:name="com.care360.findmyfamilyandfriends.HomeScreen.ui.FragmentSafety.EmergencySOS.FirebaseEmergNotificationService"